[info] welcome to sbt 1.10.9 (Ubuntu Java 21.0.5)
[info] loading settings for project task_02-build from plugins.sbt...
[info] loading project definition from /home/idle/studia/studia_ebiznes/02/task_02/project
[info] loading settings for project root from build.sbt...
[info]   __              __
[info]   \ \     ____   / /____ _ __  __
[info]    \ \   / __ \ / // __ `// / / /
[info]    / /  / /_/ // // /_/ // /_/ /
[info]   /_/  / .___//_/ \__,_/ \__, /
[info]       /_/               /____/
[info] 
[info] Version 3.0.7 running Java 21.0.5
[info] 
[info] Play is run entirely by the community. Please consider contributing and/or donating:
[info] https://www.playframework.com/sponsors
[info] 

[35m--- (Running the application, auto-reloading is enabled) ---[0m

[1;31mERROR[0;39m o.a.p.i.TcpListener - Bind failed for TCP channel on endpoint [/0.0.0.0:9000]
java.net.BindException: [/0.0.0.0:9000] Address already in use
	at java.base/sun.nio.ch.Net.bind0(Native Method)
	at java.base/sun.nio.ch.Net.bind(Net.java:565)
	at java.base/sun.nio.ch.ServerSocketChannelImpl.netBind(ServerSocketChannelImpl.java:344)
	at java.base/sun.nio.ch.ServerSocketChannelImpl.bind(ServerSocketChannelImpl.java:301)
	at java.base/sun.nio.ch.ServerSocketAdaptor.bind(ServerSocketAdaptor.java:89)
	at org.apache.pekko.io.TcpListener.liftedTree1$1(TcpListener.scala:70)
	at org.apache.pekko.io.TcpListener.<init>(TcpListener.scala:67)
	at java.base/jdk.internal.reflect.DirectConstructorHandleAccessor.newInstance(DirectConstructorHandleAccessor.java:62)
	at java.base/java.lang.reflect.Constructor.newInstanceWithCaller(Constructor.java:502)
	at java.base/java.lang.reflect.Constructor.newInstance(Constructor.java:486)
[error] org.apache.pekko.stream.impl.io.ConnectionSourceStage$$anon$1$$anon$2: Bind failed because of java.net.BindException: [/0.0.0.0:9000] Address already in use
[error] Caused by: java.net.BindException: [/0.0.0.0:9000] Address already in use
[error] 	at java.base/sun.nio.ch.Net.bind0(Native Method)
[error] 	at java.base/sun.nio.ch.Net.bind(Net.java:565)
[error] 	at java.base/sun.nio.ch.ServerSocketChannelImpl.netBind(ServerSocketChannelImpl.java:344)
[error] 	at java.base/sun.nio.ch.ServerSocketChannelImpl.bind(ServerSocketChannelImpl.java:301)
[error] 	at java.base/sun.nio.ch.ServerSocketAdaptor.bind(ServerSocketAdaptor.java:89)
[error] 	at org.apache.pekko.io.TcpListener.liftedTree1$1(TcpListener.scala:70)
[error] 	at org.apache.pekko.io.TcpListener.<init>(TcpListener.scala:67)
[error] 	at java.base/jdk.internal.reflect.DirectConstructorHandleAccessor.newInstance(DirectConstructorHandleAccessor.java:62)
[error] 	at java.base/java.lang.reflect.Constructor.newInstanceWithCaller(Constructor.java:502)
[error] 	at java.base/java.lang.reflect.Constructor.newInstance(Constructor.java:486)
[error] 	at org.apache.pekko.util.Reflect$.instantiate(Reflect.scala:82)
[error] 	at org.apache.pekko.actor.ArgsReflectConstructor.produce(IndirectActorProducer.scala:111)
[error] 	at org.apache.pekko.actor.Props.newActor(Props.scala:236)
[error] 	at org.apache.pekko.actor.ActorCell.newActor(ActorCell.scala:626)
[error] 	at org.apache.pekko.actor.ActorCell.create(ActorCell.scala:653)
[error] 	at org.apache.pekko.actor.ActorCell.invokeAll$1(ActorCell.scala:523)
[error] 	at org.apache.pekko.actor.ActorCell.systemInvoke(ActorCell.scala:545)
[error] 	at org.apache.pekko.dispatch.Mailbox.processAllSystemMessages(Mailbox.scala:305)
[error] 	at org.apache.pekko.dispatch.Mailbox.run(Mailbox.scala:240)
[error] 	at org.apache.pekko.dispatch.Mailbox.exec(Mailbox.scala:253)
[error] 	at java.base/java.util.concurrent.ForkJoinTask.doExec(ForkJoinTask.java:387)
[error] 	at java.base/java.util.concurrent.ForkJoinPool$WorkQueue.topLevelExec(ForkJoinPool.java:1312)
[error] 	at java.base/java.util.concurrent.ForkJoinPool.scan(ForkJoinPool.java:1843)
[error] 	at java.base/java.util.concurrent.ForkJoinPool.runWorker(ForkJoinPool.java:1808)
[error] 	at java.base/java.util.concurrent.ForkJoinWorkerThread.run(ForkJoinWorkerThread.java:188)
[error] stack trace is suppressed; run 'last Compile / run' for the full output
[error] (Compile / run) org.apache.pekko.stream.impl.io.ConnectionSourceStage$$anon$1$$anon$2: Bind failed because of java.net.BindException: [/0.0.0.0:9000] Address already in use
[error] Total time: 3 s, completed Mar 29, 2025, 2:00:52 PM
